[35m[Appium][39m Welcome to Appium v1.17.1
[35m[Appium][39m Non-default server args:
[35m[Appium][39m   port: 58998
[35m[Appium][39m   loglevel: info
[35m[Appium][39m   tmpDir: C:\Users\SPRINT~1\AppData\Local\Temp\\Katalon\Appium\Temp1637217684140
[35m[Appium][39m   chromedriverPort: 58999
[35m[Appium][39m Deprecated server args:
[35m[Appium][39m   [31m--chromedriver-port[39m => --default-capabilities '{"chromedriverPort":58999}'
[35m[Appium][39m Default capabilities, which will be added to each request unless overridden by desired capabilities:
[35m[Appium][39m   chromedriverPort: 58999
[35m[Appium][39m Appium REST http interface listener started on 0.0.0.0:58998
[35m[HTTP][39m [37m-->[39m [37mGET[39m [37m/wd/hub/status[39m
[35m[HTTP][39m [90m{}[39m
[35m[HTTP][39m [37m<-- GET /wd/hub/status [39m[32m200[39m [90m8 ms - 68[39m
[35m[HTTP][39m [90m[39m
[35m[HTTP][39m [37m-->[39m [37mGET[39m [37m/wd/hub/status[39m
[35m[HTTP][39m [90m{}[39m
[35m[HTTP][39m [37m<-- GET /wd/hub/status [39m[32m200[39m [90m1 ms - 68[39m
[35m[HTTP][39m [90m[39m
[35m[HTTP][39m [37m-->[39m [37mPOST[39m [37m/wd/hub/session[39m
[35m[HTTP][39m [90m{"desiredCapabilities":{"appPackage":"com.android.settings","deviceId":"emulator-5554","deviceName":"emulator-5554 (Android SDK built for x86 - Android 7.1.1)","platform":"ANDROID","appActivity":".Settings","newCommandTimeout":1800,"platformVersion":"7.1.1","automationName":"uiautomator2","autoGrantPermissions":true,"platformName":"Android","udid":"emulator-5554","systemPort":8256},"capabilities":{"firstMatch":[{"appium:appActivity":".Settings","appium:appPackage":"com.android.settings","appium:autoGrantPermissions":true,"appium:automationName":"uiautomator2","deviceId":"emulator-5554","appium:deviceName":"emulator-5554 (Android SDK built for x86 - Android 7.1.1)","appium:newCommandTimeout":1800,"platform":"ANDROID","platformName":"android","appium:platformVersion":"7.1.1","appium:systemPort":8256,"appium:udid":"emulator-5554"}]}}[39m
[35m[BaseDriver][39m The following capabilities are not standard capabilities and should have an extension prefix:
[35m[BaseDriver][39m   deviceId
[35m[BaseDriver][39m   platform
[35m[BaseDriver][39m   chromedriverPort
[35m[Appium][39m Appium v1.17.1 creating new AndroidUiautomator2Driver (v1.44.2) session
[35m[BaseDriver][39m The following capabilities were provided, but are not recognized by Appium:
[35m[BaseDriver][39m   deviceId
[35m[BaseDriver][39m   platform
[35m[BaseDriver][39m Session created with session id: 45ed0c8c-bf13-44c4-a198-c8245b512739
[35m[UiAutomator2][39m Starting 'com.android.settings' directly on the device
[35m[ADB][39m Found 1 'build-tools' folders under 'C:\Users\Sprint User\.katalon\tools\android_sdk' (newest first):
[35m[ADB][39m     C:/Users/Sprint User/.katalon/tools/android_sdk/build-tools/29.0.3
[35m[ADB][39m Using 'adb.exe' from 'C:\Users\Sprint User\.katalon\tools\android_sdk\platform-tools\adb.exe'
[35m[AndroidDriver][39m Retrieving device list
[35m[AndroidDriver][39m Using device: emulator-5554
[35m[ADB][39m Using 'adb.exe' from 'C:\Users\Sprint User\.katalon\tools\android_sdk\platform-tools\adb.exe'
[35m[AndroidDriver][39m No app sent in, not parsing package/activity
[35m[ADB][39m Using 'apksigner.jar' from 'C:\Users\Sprint User\.katalon\tools\android_sdk\build-tools\29.0.3\lib\apksigner.jar'
[35m[UiAutomator2][39m Server packages are not going to be (re)installed
[35m[ADB][39m com.android.settings contains no permissions available for granting
[35m[UiAutomator2][39m Starting UIAutomator2 server 4.5.5
[35m[UiAutomator2][39m Using UIAutomator2 server from 'C:\Users\Sprint User\AppData\Roaming\npm\node_modules\appium\node_modules\appium-uiautomator2-server\apks\appium-uiautomator2-server-v4.5.5.apk' and test from 'C:\Users\Sprint User\AppData\Roaming\npm\node_modules\appium\node_modules\appium-uiautomator2-server\apks\appium-uiautomator2-server-debug-androidTest.apk'
[35m[UiAutomator2][39m Waiting up to 30000ms for UiAutomator2 to be online...
[35m[WD Proxy][39m Got response with unknown status: {"code":"ECONNRESET"}
[35m[WD Proxy][39m Determined the downstream protocol as 'W3C'
[35m[AndroidDriver][39m Screen already unlocked, doing nothing
[35m[UiAutomator2][39m Starting 'com.android.settings/.Settings and waiting for 'com.android.settings/.Settings'
[35m[Appium][39m New AndroidUiautomator2Driver session created successfully, session 45ed0c8c-bf13-44c4-a198-c8245b512739 added to master session list
[35m[HTTP][39m [37m<-- POST /wd/hub/session [39m[32m200[39m [90m6394 ms - 1264[39m
[35m[HTTP][39m [90m[39m
[35m[HTTP][39m [37m-->[39m [37mGET[39m [37m/wd/hub/session/45ed0c8c-bf13-44c4-a198-c8245b512739[39m
[35m[HTTP][39m [90m{}[39m
[35m[HTTP][39m [37m<-- GET /wd/hub/session/45ed0c8c-bf13-44c4-a198-c8245b512739 [39m[32m200[39m [90m9 ms - 1196[39m
[35m[HTTP][39m [90m[39m
[35m[HTTP][39m [37m-->[39m [37mGET[39m [37m/wd/hub/session/45ed0c8c-bf13-44c4-a198-c8245b512739[39m
[35m[HTTP][39m [90m{}[39m
[35m[HTTP][39m [37m<-- GET /wd/hub/session/45ed0c8c-bf13-44c4-a198-c8245b512739 [39m[32m200[39m [90m7 ms - 1196[39m
[35m[HTTP][39m [90m[39m
[35m[HTTP][39m [37m-->[39m [37mGET[39m [37m/wd/hub/status[39m
[35m[HTTP][39m [90m{}[39m
[35m[HTTP][39m [37m<-- GET /wd/hub/status [39m[32m200[39m [90m1 ms - 68[39m
[35m[HTTP][39m [90m[39m
[35m[HTTP][39m [37m-->[39m [37mPOST[39m [37m/wd/hub/session/45ed0c8c-bf13-44c4-a198-c8245b512739/timeouts[39m
[35m[HTTP][39m [90m{"implicit":60000}[39m
[35m[HTTP][39m [37m<-- POST /wd/hub/session/45ed0c8c-bf13-44c4-a198-c8245b512739/timeouts [39m[32m200[39m [90m5 ms - 14[39m
[35m[HTTP][39m [90m[39m
[35m[HTTP][39m [37m-->[39m [37mGET[39m [37m/wd/hub/session/45ed0c8c-bf13-44c4-a198-c8245b512739/screenshot[39m
[35m[HTTP][39m [90m{}[39m
[35m[HTTP][39m [37m<-- GET /wd/hub/session/45ed0c8c-bf13-44c4-a198-c8245b512739/screenshot [39m[32m200[39m [90m232 ms - 246108[39m
[35m[HTTP][39m [90m[39m
[35m[HTTP][39m [37m-->[39m [37mGET[39m [37m/wd/hub/session/45ed0c8c-bf13-44c4-a198-c8245b512739/window/rect[39m
[35m[HTTP][39m [90m{}[39m
[35m[HTTP][39m [37m<-- GET /wd/hub/session/45ed0c8c-bf13-44c4-a198-c8245b512739/window/rect [39m[32m200[39m [90m17 ms - 49[39m
[35m[HTTP][39m [90m[39m
[35m[HTTP][39m [37m-->[39m [37mGET[39m [37m/wd/hub/session/45ed0c8c-bf13-44c4-a198-c8245b512739/appium/device/system_bars[39m
[35m[HTTP][39m [90m{}[39m
[35m[HTTP][39m [37m<-- GET /wd/hub/session/45ed0c8c-bf13-44c4-a198-c8245b512739/appium/device/system_bars [39m[31m500[39m [90m138 ms - 659[39m
[35m[HTTP][39m [90m[39m
[35m[HTTP][39m [37m-->[39m [37mPOST[39m [37m/wd/hub/session/45ed0c8c-bf13-44c4-a198-c8245b512739/execute/sync[39m
[35m[HTTP][39m [90m{"script":"mobile:viewportRect","args":[]}[39m
[35m[AndroidDriver][39m Executing native command 'mobile:viewportRect'
[35m[HTTP][39m [37m<-- POST /wd/hub/session/45ed0c8c-bf13-44c4-a198-c8245b512739/execute/sync [39m[33m404[39m [90m16 ms - 2370[39m
[35m[HTTP][39m [90m[39m
[35m[HTTP][39m [37m-->[39m [37mPOST[39m [37m/wd/hub/session/45ed0c8c-bf13-44c4-a198-c8245b512739/appium/device/activate_app[39m
[35m[HTTP][39m [90m{"bundleId":"net.sprintasia.ewallet"}[39m
[35m[HTTP][39m [37m<-- POST /wd/hub/session/45ed0c8c-bf13-44c4-a198-c8245b512739/appium/device/activate_app [39m[32m200[39m [90m386 ms - 14[39m
[35m[HTTP][39m [90m[39m
[35m[HTTP][39m [37m-->[39m [37mGET[39m [37m/wd/hub/session/45ed0c8c-bf13-44c4-a198-c8245b512739/source[39m
[35m[HTTP][39m [90m{}[39m
[35m[W3C (45ed0c8c)][39m Driver proxy active, passing request on via HTTP proxy
[35m[WD Proxy][39m Replacing sessionId 2d18fc0f-3dae-4461-9822-82e77f676b0c with 45ed0c8c-bf13-44c4-a198-c8245b512739
[35m[HTTP][39m [37m<-- GET /wd/hub/session/45ed0c8c-bf13-44c4-a198-c8245b512739/source [39m[32m200[39m [90m1261 ms - 28637[39m
[35m[HTTP][39m [90m[39m
[35m[HTTP][39m [37m-->[39m [37mGET[39m [37m/wd/hub/session/45ed0c8c-bf13-44c4-a198-c8245b512739/screenshot[39m
[35m[HTTP][39m [90m{}[39m
[35m[HTTP][39m [37m<-- GET /wd/hub/session/45ed0c8c-bf13-44c4-a198-c8245b512739/screenshot [39m[32m200[39m [90m174 ms - 153210[39m
[35m[HTTP][39m [90m[39m
[35m[HTTP][39m [37m-->[39m [37mGET[39m [37m/wd/hub/session/45ed0c8c-bf13-44c4-a198-c8245b512739/source[39m
[35m[HTTP][39m [90m{}[39m
[35m[W3C (45ed0c8c)][39m Driver proxy active, passing request on via HTTP proxy
[35m[WD Proxy][39m Replacing sessionId 2d18fc0f-3dae-4461-9822-82e77f676b0c with 45ed0c8c-bf13-44c4-a198-c8245b512739
[35m[HTTP][39m [37m<-- GET /wd/hub/session/45ed0c8c-bf13-44c4-a198-c8245b512739/source [39m[32m200[39m [90m95 ms - 28637[39m
[35m[HTTP][39m [90m[39m
[35m[HTTP][39m [37m-->[39m [37mGET[39m [37m/wd/hub/session/45ed0c8c-bf13-44c4-a198-c8245b512739/screenshot[39m
[35m[HTTP][39m [90m{}[39m
[35m[HTTP][39m [37m<-- GET /wd/hub/session/45ed0c8c-bf13-44c4-a198-c8245b512739/screenshot [39m[32m200[39m [90m200 ms - 153800[39m
[35m[HTTP][39m [90m[39m
[35m[HTTP][39m [37m-->[39m [37mPOST[39m [37m/wd/hub/session/45ed0c8c-bf13-44c4-a198-c8245b512739/elements[39m
[35m[HTTP][39m [90m{"using":"xpath","value":"//*[@class = 'android.widget.TextView' and (@text = 'GoSend Instant Delivery' or . = 'GoSend Instant Delivery') and @resource-id = 'net.sprintasia.ewallet:id/serviceName']"}[39m
[35m[HTTP][39m [37m<-- POST /wd/hub/session/45ed0c8c-bf13-44c4-a198-c8245b512739/elements [39m[32m200[39m [90m156 ms - 139[39m
[35m[HTTP][39m [90m[39m
[35m[HTTP][39m [37m-->[39m [37mPOST[39m [37m/wd/hub/session/45ed0c8c-bf13-44c4-a198-c8245b512739/elements[39m
[35m[HTTP][39m [90m{"using":"xpath","value":"//*[@class = 'android.widget.TextView' and (@text = 'GoSend Same Day Delivery' or . = 'GoSend Same Day Delivery') and @resource-id = 'net.sprintasia.ewallet:id/serviceName']"}[39m
[35m[HTTP][39m [37m<-- POST /wd/hub/session/45ed0c8c-bf13-44c4-a198-c8245b512739/elements [39m[32m200[39m [90m103 ms - 139[39m
[35m[HTTP][39m [90m[39m
[35m[HTTP][39m [37m-->[39m [37mPOST[39m [37m/wd/hub/session/45ed0c8c-bf13-44c4-a198-c8245b512739/elements[39m
[35m[HTTP][39m [90m{"using":"xpath","value":"//*[@class = 'android.widget.TextView' and (@text = 'GRAB Same Day Delivery' or . = 'GRAB Same Day Delivery') and @resource-id = 'net.sprintasia.ewallet:id/serviceName']"}[39m
[35m[HTTP][39m [37m<-- POST /wd/hub/session/45ed0c8c-bf13-44c4-a198-c8245b512739/elements [39m[32m200[39m [90m120 ms - 139[39m
[35m[HTTP][39m [90m[39m
[35m[HTTP][39m [37m-->[39m [37mPOST[39m [37m/wd/hub/session/45ed0c8c-bf13-44c4-a198-c8245b512739/elements[39m
[35m[HTTP][39m [90m{"using":"xpath","value":"//*[@class = 'android.widget.TextView' and (@text = 'GRAB Instant Delivery' or . = 'GRAB Instant Delivery') and @resource-id = 'net.sprintasia.ewallet:id/serviceName']"}[39m
[35m[HTTP][39m [37m<-- POST /wd/hub/session/45ed0c8c-bf13-44c4-a198-c8245b512739/elements [39m[32m200[39m [90m81 ms - 139[39m
[35m[HTTP][39m [90m[39m
[35m[HTTP][39m [37m-->[39m [37mPOST[39m [37m/wd/hub/session/45ed0c8c-bf13-44c4-a198-c8245b512739/elements[39m
[35m[HTTP][39m [90m{"using":"xpath","value":"//*[@class = 'android.widget.TextView' and (@text = 'GRAB Instant Car Delivery' or . = 'GRAB Instant Car Delivery') and @resource-id = 'net.sprintasia.ewallet:id/serviceName']"}[39m
[35m[HTTP][39m [37m<-- POST /wd/hub/session/45ed0c8c-bf13-44c4-a198-c8245b512739/elements [39m[32m200[39m [90m107 ms - 139[39m
[35m[HTTP][39m [90m[39m
[35m[HTTP][39m [37m-->[39m [37mPOST[39m [37m/wd/hub/session/45ed0c8c-bf13-44c4-a198-c8245b512739/elements[39m
[35m[HTTP][39m [90m{"using":"xpath","value":"//*[@class = 'android.widget.TextView' and (@text = 'JNE Reguler Delivery' or . = 'JNE Reguler Delivery') and @resource-id = 'net.sprintasia.ewallet:id/serviceName']"}[39m
[35m[HTTP][39m [37m<-- POST /wd/hub/session/45ed0c8c-bf13-44c4-a198-c8245b512739/elements [39m[32m200[39m [90m84 ms - 139[39m
[35m[HTTP][39m [90m[39m
[35m[HTTP][39m [37m-->[39m [37mPOST[39m [37m/wd/hub/session/45ed0c8c-bf13-44c4-a198-c8245b512739/elements[39m
[35m[HTTP][39m [90m{"using":"xpath","value":"//*[@class = 'android.widget.TextView' and (@text = 'JNE Yakin Esok Sampai (YES) Delivery' or . = 'JNE Yakin Esok Sampai (YES) Delivery') and @resource-id = 'net.sprintasia.ewallet:id/serviceName']"}[39m
[35m[HTTP][39m [37m<-- POST /wd/hub/session/45ed0c8c-bf13-44c4-a198-c8245b512739/elements [39m[32m200[39m [90m79 ms - 139[39m
[35m[HTTP][39m [90m[39m
[35m[HTTP][39m [37m-->[39m [37mGET[39m [37m/wd/hub/session/45ed0c8c-bf13-44c4-a198-c8245b512739/source[39m
[35m[HTTP][39m [90m{}[39m
[35m[W3C (45ed0c8c)][39m Driver proxy active, passing request on via HTTP proxy
[35m[WD Proxy][39m Replacing sessionId 2d18fc0f-3dae-4461-9822-82e77f676b0c with 45ed0c8c-bf13-44c4-a198-c8245b512739
[35m[HTTP][39m [37m<-- GET /wd/hub/session/45ed0c8c-bf13-44c4-a198-c8245b512739/source [39m[32m200[39m [90m62 ms - 28637[39m
[35m[HTTP][39m [90m[39m
[35m[HTTP][39m [37m-->[39m [37mGET[39m [37m/wd/hub/session/45ed0c8c-bf13-44c4-a198-c8245b512739/screenshot[39m
[35m[HTTP][39m [90m{}[39m
[35m[HTTP][39m [37m<-- GET /wd/hub/session/45ed0c8c-bf13-44c4-a198-c8245b512739/screenshot [39m[32m200[39m [90m190 ms - 153246[39m
[35m[HTTP][39m [90m[39m
[35m[HTTP][39m [37m-->[39m [37mPOST[39m [37m/wd/hub/session/45ed0c8c-bf13-44c4-a198-c8245b512739/elements[39m
[35m[HTTP][39m [90m{"using":"xpath","value":"//*[@class = 'android.widget.TextView' and (@text = 'SiCepat Reguler Delivery' or . = 'SiCepat Reguler Delivery') and @resource-id = 'net.sprintasia.ewallet:id/serviceName']"}[39m
[35m[HTTP][39m [37m<-- POST /wd/hub/session/45ed0c8c-bf13-44c4-a198-c8245b512739/elements [39m[32m200[39m [90m89 ms - 139[39m
[35m[HTTP][39m [90m[39m
[35m[HTTP][39m [37m-->[39m [37mGET[39m [37m/wd/hub/session/45ed0c8c-bf13-44c4-a198-c8245b512739/source[39m
[35m[HTTP][39m [90m{}[39m
[35m[W3C (45ed0c8c)][39m Driver proxy active, passing request on via HTTP proxy
[35m[WD Proxy][39m Replacing sessionId 2d18fc0f-3dae-4461-9822-82e77f676b0c with 45ed0c8c-bf13-44c4-a198-c8245b512739
[35m[HTTP][39m [37m<-- GET /wd/hub/session/45ed0c8c-bf13-44c4-a198-c8245b512739/source [39m[32m200[39m [90m58 ms - 27859[39m
[35m[HTTP][39m [90m[39m
[35m[HTTP][39m [37m-->[39m [37mGET[39m [37m/wd/hub/session/45ed0c8c-bf13-44c4-a198-c8245b512739/screenshot[39m
[35m[HTTP][39m [90m{}[39m
[35m[HTTP][39m [37m<-- GET /wd/hub/session/45ed0c8c-bf13-44c4-a198-c8245b512739/screenshot [39m[32m200[39m [90m199 ms - 164240[39m
[35m[HTTP][39m [90m[39m
[35m[HTTP][39m [37m-->[39m [37mPOST[39m [37m/wd/hub/session/45ed0c8c-bf13-44c4-a198-c8245b512739/elements[39m
[35m[HTTP][39m [90m{"using":"xpath","value":"//*[@class = 'android.widget.TextView' and (@text = 'SiCepat Besok Sampai Tujuan Delivery' or . = 'SiCepat Besok Sampai Tujuan Delivery') and @resource-id = 'net.sprintasia.ewallet:id/serviceName']"}[39m
[35m[HTTP][39m [37m<-- POST /wd/hub/session/45ed0c8c-bf13-44c4-a198-c8245b512739/elements [39m[32m200[39m [90m74 ms - 139[39m
[35m[HTTP][39m [90m[39m
[35m[HTTP][39m [37m-->[39m [37mPOST[39m [37m/wd/hub/session/45ed0c8c-bf13-44c4-a198-c8245b512739/elements[39m
[35m[HTTP][39m [90m{"using":"xpath","value":"//*[@class = 'android.widget.TextView' and (@text = 'Tiki Reguler Delivery' or . = 'Tiki Reguler Delivery') and @resource-id = 'net.sprintasia.ewallet:id/serviceName']"}[39m
[35m[HTTP][39m [37m<-- POST /wd/hub/session/45ed0c8c-bf13-44c4-a198-c8245b512739/elements [39m[32m200[39m [90m75 ms - 139[39m
[35m[HTTP][39m [90m[39m
[35m[HTTP][39m [37m-->[39m [37mPOST[39m [37m/wd/hub/session/45ed0c8c-bf13-44c4-a198-c8245b512739/elements[39m
[35m[HTTP][39m [90m{"using":"xpath","value":"//*[@class = 'android.widget.TextView' and (@text = 'Tiki Same Day Service Delivery' or . = 'Tiki Same Day Service Delivery') and @resource-id = 'net.sprintasia.ewallet:id/serviceName']"}[39m
[35m[HTTP][39m [37m<-- POST /wd/hub/session/45ed0c8c-bf13-44c4-a198-c8245b512739/elements [39m[32m200[39m [90m77 ms - 139[39m
[35m[HTTP][39m [90m[39m
[35m[HTTP][39m [37m-->[39m [37mPOST[39m [37m/wd/hub/session/45ed0c8c-bf13-44c4-a198-c8245b512739/elements[39m
[35m[HTTP][39m [90m{"using":"xpath","value":"//*[@class = 'android.widget.TextView' and (@text = 'Tiki One Night Service Delivery' or . = 'Tiki One Night Service Delivery') and @resource-id = 'net.sprintasia.ewallet:id/serviceName']"}[39m
[35m[HTTP][39m [37m<-- POST /wd/hub/session/45ed0c8c-bf13-44c4-a198-c8245b512739/elements [39m[32m200[39m [90m67 ms - 139[39m
[35m[HTTP][39m [90m[39m
[35m[HTTP][39m [37m-->[39m [37mPOST[39m [37m/wd/hub/session/45ed0c8c-bf13-44c4-a198-c8245b512739/elements[39m
[35m[HTTP][39m [90m{"using":"xpath","value":"//*[@class = 'android.widget.TextView' and (@text = 'Tiki Trucking Delivery' or . = 'Tiki Trucking Delivery') and @resource-id = 'net.sprintasia.ewallet:id/serviceName']"}[39m
[35m[HTTP][39m [37m<-- POST /wd/hub/session/45ed0c8c-bf13-44c4-a198-c8245b512739/elements [39m[32m200[39m [90m343 ms - 139[39m
[35m[HTTP][39m [90m[39m
[35m[HTTP][39m [37m-->[39m [37mPOST[39m [37m/wd/hub/session/45ed0c8c-bf13-44c4-a198-c8245b512739/elements[39m
[35m[HTTP][39m [90m{"using":"xpath","value":"//*[@class = 'android.widget.TextView' and (@text = 'Tiki Motor Di Bawah 150CC Delivery' or . = 'Tiki Motor Di Bawah 150CC Delivery') and @resource-id = 'net.sprintasia.ewallet:id/serviceName']"}[39m
[35m[HTTP][39m [37m<-- POST /wd/hub/session/45ed0c8c-bf13-44c4-a198-c8245b512739/elements [39m[32m200[39m [90m70 ms - 139[39m
[35m[HTTP][39m [90m[39m
[35m[HTTP][39m [37m-->[39m [37mPOST[39m [37m/wd/hub/session/45ed0c8c-bf13-44c4-a198-c8245b512739/elements[39m
[35m[HTTP][39m [90m{"using":"xpath","value":"//*[@class = 'android.widget.TextView' and (@text = 'Tiki Motor Di Bawah 250CC Delivery' or . = 'Tiki Motor Di Bawah 250CC Delivery') and @resource-id = 'net.sprintasia.ewallet:id/serviceName']"}[39m
[35m[HTTP][39m [37m<-- POST /wd/hub/session/45ed0c8c-bf13-44c4-a198-c8245b512739/elements [39m[32m200[39m [90m77 ms - 139[39m
[35m[HTTP][39m [90m[39m
[35m[HTTP][39m [37m-->[39m [37mPOST[39m [37m/wd/hub/session/45ed0c8c-bf13-44c4-a198-c8245b512739/elements[39m
[35m[HTTP][39m [90m{"using":"xpath","value":"//*[@class = 'android.widget.TextView' and (@text = 'Tiki Motor Di Bawah 600CC Delivery' or . = 'Tiki Motor Di Bawah 600CC Delivery') and @resource-id = 'net.sprintasia.ewallet:id/serviceName']"}[39m
[35m[HTTP][39m [37m<-- POST /wd/hub/session/45ed0c8c-bf13-44c4-a198-c8245b512739/elements [39m[32m200[39m [90m292 ms - 139[39m
[35m[HTTP][39m [90m[39m
[35m[BaseDriver][39m Shutting down because we waited 1800 seconds for a command
[35m[Appium][39m Closing session, cause was 'New Command Timeout of 1800 seconds expired. Try customizing the timeout using the 'newCommandTimeout' desired capability'
[35m[Appium][39m Removing session '45ed0c8c-bf13-44c4-a198-c8245b512739' from our master session list
